<?xml version="1.0" encoding="UTF-8"?>

<beans:beans
        xmlns:beans="http://www.springframework.org/schema/beans"
        xmlns:xsi="http://www.w3.org/2001/XMLSchema-instance"
        xmlns:context="http://www.springframework.org/schema/context"
        xmlns:p="http://www.springframework.org/schema/p"
        xsi:schemaLocation="http://www.springframework.org/schema/beans http://www.springframework.org/schema/beans/spring-beans.xsd
        http://www.springframework.org/schema/context http://www.springframework.org/schema/context/spring-context.xsd">

    <context:property-placeholder location="classpath:/be/cegeka/batchers/springbatch/test-context.properties"
                                  ignore-unresolvable="true"/>

    <beans:bean id="dataSource" class="${jdbc.datasource.class}"
                p:driverClassName="${jdbc.driver}"
                p:url="${jdbc.url}"
                p:username="${jdbc.user}"
                p:password="${jdbc.password}"/>

    <context:component-scan base-package="be.cegeka"/>
    <beans:import resource="persistence.xml"/>
</beans:beans>
